<?xml version='1.0' encoding='UTF-8'?>
<testsuites>
  <testsuite name='AtomicBoy' tests='1' failures='0'>
    <testcase classname='AtomicBoy' name='testWristMissles'>
    </testcase>
  </testsuite>
</testsuites>
